This is XeTeX, Version 3.141592653-2.6-0.999995 (TeX Live 2023/Arch Linux) (preloaded format=xelatex 2023.10.14)  12 DEC 2023 01:30
entering extended mode
 \write18 enabled.
 %&-line parsing enabled.
**../document/master.tex
(../document/master.tex
LaTeX2e <2022-11-01> patch level 1
L3 programming layer <2023-02-22>
(/usr/share/texmf-dist/tex/latex/base/report.cls
Document Class: report 2022/07/02 v1.4n Standard LaTeX document class
(/usr/share/texmf-dist/tex/latex/base/size11.clo
File: size11.clo 2022/07/02 v1.4n Standard LaTeX file (size option)
)
\c@part=\count181
\c@chapter=\count182
\c@section=\count183
\c@subsection=\count184
\c@subsubsection=\count185
\c@paragraph=\count186
\c@subparagraph=\count187
\c@figure=\count188
\c@table=\count189
\abovecaptionskip=\skip48
\belowcaptionskip=\skip49
\bibindent=\dimen140
)
(/usr/share/texmf-dist/tex/latex/geometry/geometry.sty
Package: geometry 2020/01/02 v5.9 Page Geometry

(/usr/share/texmf-dist/tex/latex/graphics/keyval.sty
Package: keyval 2022/05/29 v1.15 key=value parser (DPC)
\KV@toks@=\toks16
)
(/usr/share/texmf-dist/tex/generic/iftex/ifvtex.sty
Package: ifvtex 2019/10/25 v1.7 ifvtex legacy package. Use iftex instead.

(/usr/share/texmf-dist/tex/generic/iftex/iftex.sty
Package: iftex 2022/02/03 v1.0f TeX engine tests
))
\Gm@cnth=\count190
\Gm@cntv=\count191
\c@Gm@tempcnt=\count192
\Gm@bindingoffset=\dimen141
\Gm@wd@mp=\dimen142
\Gm@odd@mp=\dimen143
\Gm@even@mp=\dimen144
\Gm@layoutwidth=\dimen145
\Gm@layoutheight=\dimen146
\Gm@layouthoffset=\dimen147
\Gm@layoutvoffset=\dimen148
\Gm@dimlist=\toks17
)
(/usr/share/texmf-dist/tex/latex/base/inputenc.sty
Package: inputenc 2021/02/14 v1.3d Input encoding file
\inpenc@prehook=\toks18
\inpenc@posthook=\toks19


Package inputenc Warning: inputenc package ignored with utf8 based engines.

) (/usr/share/texmf-dist/tex/latex/base/fontenc.sty
Package: fontenc 2021/04/29 v2.0v Standard LaTeX package
LaTeX Font Info:    Trying to load font information for T1+lmr on input line 11
2.

(/usr/share/texmf-dist/tex/latex/lm/t1lmr.fd
File: t1lmr.fd 2015/05/01 v1.6.1 Font defs for Latin Modern
))
(/usr/share/texmf-dist/tex/latex/lm/lmodern.sty
Package: lmodern 2015/05/01 v1.6.1 Latin Modern Fonts
LaTeX Font Info:    Overwriting symbol font `operators' in version `normal'
(Font)                  OT1/cmr/m/n --> OT1/lmr/m/n on input line 22.
LaTeX Font Info:    Overwriting symbol font `letters' in version `normal'
(Font)                  OML/cmm/m/it --> OML/lmm/m/it on input line 23.
LaTeX Font Info:    Overwriting symbol font `symbols' in version `normal'
(Font)                  OMS/cmsy/m/n --> OMS/lmsy/m/n on input line 24.
LaTeX Font Info:    Overwriting symbol font `largesymbols' in version `normal'
(Font)                  OMX/cmex/m/n --> OMX/lmex/m/n on input line 25.
LaTeX Font Info:    Overwriting symbol font `operators' in version `bold'
(Font)                  OT1/cmr/bx/n --> OT1/lmr/bx/n on input line 26.
LaTeX Font Info:    Overwriting symbol font `letters' in version `bold'
(Font)                  OML/cmm/b/it --> OML/lmm/b/it on input line 27.
LaTeX Font Info:    Overwriting symbol font `symbols' in version `bold'
(Font)                  OMS/cmsy/b/n --> OMS/lmsy/b/n on input line 28.
LaTeX Font Info:    Overwriting symbol font `largesymbols' in version `bold'
(Font)                  OMX/cmex/m/n --> OMX/lmex/m/n on input line 29.
LaTeX Font Info:    Overwriting math alphabet `\mathbf' in version `normal'
(Font)                  OT1/cmr/bx/n --> OT1/lmr/bx/n on input line 31.
LaTeX Font Info:    Overwriting math alphabet `\mathsf' in version `normal'
(Font)                  OT1/cmss/m/n --> OT1/lmss/m/n on input line 32.
LaTeX Font Info:    Overwriting math alphabet `\mathit' in version `normal'
(Font)                  OT1/cmr/m/it --> OT1/lmr/m/it on input line 33.
LaTeX Font Info:    Overwriting math alphabet `\mathtt' in version `normal'
(Font)                  OT1/cmtt/m/n --> OT1/lmtt/m/n on input line 34.
LaTeX Font Info:    Overwriting math alphabet `\mathbf' in version `bold'
(Font)                  OT1/cmr/bx/n --> OT1/lmr/bx/n on input line 35.
LaTeX Font Info:    Overwriting math alphabet `\mathsf' in version `bold'
(Font)                  OT1/cmss/bx/n --> OT1/lmss/bx/n on input line 36.
LaTeX Font Info:    Overwriting math alphabet `\mathit' in version `bold'
(Font)                  OT1/cmr/bx/it --> OT1/lmr/bx/it on input line 37.
LaTeX Font Info:    Overwriting math alphabet `\mathtt' in version `bold'
(Font)                  OT1/cmtt/m/n --> OT1/lmtt/m/n on input line 38.
)
(/usr/share/texmf-dist/tex/latex/float/float.sty
Package: float 2001/11/08 v1.3d Float enhancements (AL)
\c@float@type=\count193
\float@exts=\toks20
\float@box=\box51
\@float@everytoks=\toks21
\@floatcapt=\box52
)
(/usr/share/texmf-dist/tex/latex/blindtext/blindtext.sty
Package: blindtext 2012/01/06 V2.0 blindtext-Package

(/usr/share/texmf-dist/tex/latex/tools/xspace.sty
Package: xspace 2014/10/28 v1.13 Space after command names (DPC,MH)
)
\c@blindtext=\count194
\c@Blindtext=\count195
\c@blind@countparstart=\count196
\blind@countxx=\count197
\blindtext@numBlindtext=\count198
\blind@countyy=\count199
\c@blindlist=\count266
\c@blindlistlevel=\count267
\c@blindlist@level=\count268
\blind@listitem=\count269
\c@blind@listcount=\count270
\c@blind@levelcount=\count271
\blind@mathformula=\count272
\blind@Mathformula=\count273
\c@blind@randomcount=\count274
\c@blind@randommax=\count275
\c@blind@pangramcount=\count276
\c@blind@pangrammax=\count277
)
(/usr/share/texmf-dist/tex/latex/graphics/graphicx.sty
Package: graphicx 2021/09/16 v1.2d Enhanced LaTeX Graphics (DPC,SPQR)

(/usr/share/texmf-dist/tex/latex/graphics/graphics.sty
Package: graphics 2022/03/10 v1.4e Standard LaTeX Graphics (DPC,SPQR)

(/usr/share/texmf-dist/tex/latex/graphics/trig.sty
Package: trig 2021/08/11 v1.11 sin cos tan (DPC)
)
(/usr/share/texmf-dist/tex/latex/graphics-cfg/graphics.cfg
File: graphics.cfg 2016/06/04 v1.11 sample graphics configuration
)
Package graphics Info: Driver file: xetex.def on input line 107.

(/usr/share/texmf-dist/tex/latex/graphics-def/xetex.def
File: xetex.def 2022/09/22 v5.0n Graphics/color driver for xetex
))
\Gin@req@height=\dimen149
\Gin@req@width=\dimen150
)
(/usr/share/texmf-dist/tex/latex/titlesec/titlesec.sty
Package: titlesec 2021/07/05 v2.14 Sectioning titles
\ttl@box=\box53
\beforetitleunit=\skip50
\aftertitleunit=\skip51
\ttl@plus=\dimen151
\ttl@minus=\dimen152
\ttl@toksa=\toks22
\titlewidth=\dimen153
\titlewidthlast=\dimen154
\titlewidthfirst=\dimen155
)
(/usr/share/texmf-dist/tex/latex/xcolor/xcolor.sty
Package: xcolor 2022/06/12 v2.14 LaTeX color extensions (UK)

(/usr/share/texmf-dist/tex/latex/graphics-cfg/color.cfg
File: color.cfg 2016/01/02 v1.6 sample color configuration
)
Package xcolor Info: Driver file: xetex.def on input line 227.

(/usr/share/texmf-dist/tex/latex/graphics/mathcolor.ltx)
Package xcolor Info: Model `cmy' substituted by `cmy0' on input line 1353.
Package xcolor Info: Model `RGB' extended on input line 1369.
Package xcolor Info: Model `HTML' substituted by `rgb' on input line 1371.
Package xcolor Info: Model `Hsb' substituted by `hsb' on input line 1372.
Package xcolor Info: Model `tHsb' substituted by `hsb' on input line 1373.
Package xcolor Info: Model `HSB' substituted by `hsb' on input line 1374.
Package xcolor Info: Model `Gray' substituted by `gray' on input line 1375.
Package xcolor Info: Model `wave' substituted by `hsb' on input line 1376.
)
(/usr/share/texmf-dist/tex/latex/l3backend/l3backend-xetex.def
File: l3backend-xetex.def 2023-01-16 L3 backend support: XeTeX
\g__graphics_track_int=\count278
\l__pdf_internal_box=\box54
\g__pdf_backend_object_int=\count279
\g__pdf_backend_annotation_int=\count280
\g__pdf_backend_link_int=\count281
) (./master.aux)
\openout1 = `master.aux'.

LaTeX Font Info:    Checking defaults for OML/cmm/m/it on input line 18.
LaTeX Font Info:    ... okay on input line 18.
LaTeX Font Info:    Checking defaults for OMS/cmsy/m/n on input line 18.
LaTeX Font Info:    ... okay on input line 18.
LaTeX Font Info:    Checking defaults for OT1/cmr/m/n on input line 18.
LaTeX Font Info:    ... okay on input line 18.
LaTeX Font Info:    Checking defaults for T1/cmr/m/n on input line 18.
LaTeX Font Info:    ... okay on input line 18.
LaTeX Font Info:    Checking defaults for TS1/cmr/m/n on input line 18.
LaTeX Font Info:    Trying to load font information for TS1+cmr on input line 1
8.

(/usr/share/texmf-dist/tex/latex/base/ts1cmr.fd
File: ts1cmr.fd 2022/07/10 v2.5l Standard LaTeX font definitions
)
LaTeX Font Info:    ... okay on input line 18.
LaTeX Font Info:    Checking defaults for TU/lmr/m/n on input line 18.
LaTeX Font Info:    ... okay on input line 18.
LaTeX Font Info:    Checking defaults for OMX/cmex/m/n on input line 18.
LaTeX Font Info:    ... okay on input line 18.
LaTeX Font Info:    Checking defaults for U/cmr/m/n on input line 18.
LaTeX Font Info:    ... okay on input line 18.

*geometry* driver: auto-detecting
*geometry* detected driver: xetex
*geometry* verbose mode - [ preamble ] result:
* driver: xetex
* paper: a4paper
* layout: <same size as paper>
* layoutoffset:(h,v)=(0.0pt,0.0pt)
* modes: 
* h-part:(L,W,R)=(63.87643pt, 469.75499pt, 63.87645pt)
* v-part:(T,H,B)=(63.39273pt, 686.56499pt, 95.08913pt)
* \paperwidth=597.50787pt
* \paperheight=845.04684pt
* \textwidth=469.75499pt
* \textheight=686.56499pt
* \oddsidemargin=-8.39355pt
* \evensidemargin=-8.39355pt
* \topmargin=-45.87726pt
* \headheight=12.0pt
* \headsep=25.0pt
* \topskip=11.0pt
* \footskip=30.0pt
* \marginparwidth=50.0pt
* \marginparsep=10.0pt
* \columnsep=10.0pt
* \skip\footins=10.0pt plus 4.0pt minus 2.0pt
* \hoffset=0.0pt
* \voffset=0.0pt
* \mag=1000
* \@twocolumnfalse
* \@twosidefalse
* \@mparswitchfalse
* \@reversemarginfalse
* (1in=72.27pt=25.4mm, 1cm=28.453pt)

(./master.toc
LaTeX Font Info:    Trying to load font information for T1+lmss on input line 1
.
 (/usr/share/texmf-dist/tex/latex/lm/t1lmss.fd
File: t1lmss.fd 2015/05/01 v1.6.1 Font defs for Latin Modern
))
\tf@toc=\write3
\openout3 = `master.toc'.


(./.cache/build/index.tex (./.cache/build/suggestions.tex [1


]
Chapter 1.
File: .cache/883663731878404118/body_Nitten.png Graphic file (type bmp)
<.cache/883663731878404118/body_Nitten.png>
! Illegal parameter number in definition of \@currentlabelname.
<to be read again> 
                   j
l.7 \paragraph{#jail}
                       for softbanned @nitten
You meant to type ## instead of #, right?
Or maybe a } was forgotten somewhere earlier, and things
are all screwed up? I'm going to assume that you meant ##.

! Illegal parameter number in definition of \ttl@savemark.
<to be read again> 
                   j
l.7 \paragraph{#jail}
                       for softbanned @nitten
You meant to type ## instead of #, right?
Or maybe a } was forgotten somewhere earlier, and things
are all screwed up? I'm going to assume that you meant ##.

! Illegal parameter number in definition of \ttl@savetitle.
<to be read again> 
                   j
l.7 \paragraph{#jail}
                       for softbanned @nitten
You meant to type ## instead of #, right?
Or maybe a } was forgotten somewhere earlier, and things
are all screwed up? I'm going to assume that you meant ##.

! Illegal parameter number in definition of \ttl@savewrite.
<to be read again> 
                   j
l.7 \paragraph{#jail}
                       for softbanned @nitten
You meant to type ## instead of #, right?
Or maybe a } was forgotten somewhere earlier, and things
are all screwed up? I'm going to assume that you meant ##.

! You can't use `macro parameter character #' in restricted horizontal mode.
<argument> ##
             jail
l.7 \paragraph{#jail}
                       for softbanned @nitten
Sorry, but I'm not programmed to handle this case;
I'll just pretend that you didn't ask for it.
If you're in the wrong mode, you might be able to
return to the right one by typing `I}' or `I$' or `I\par'.

! Illegal parameter number in definition of \reserved@a.
<to be read again> 
                   j
l.7 \paragraph{#jail}
                       for softbanned @nitten
You meant to type ## instead of #, right?
Or maybe a } was forgotten somewhere earlier, and things
are all screwed up? I'm going to assume that you meant ##.

Missing character: There is no 👍 ("1F44D) in font ec-lmr10!
File: .cache/908106802971934760/Nitten_boggers.png Graphic file (type bmp)
<.cache/908106802971934760/Nitten_boggers.png>
[2

]
File: .cache/908106911071748116/3e2da69c0f9e481914e716888730e479.jpg Graphic fi
le (type bmp)
<.cache/908106911071748116/3e2da69c0f9e481914e716888730e479.jpg>
File: .cache/908107535666536458/image0_9.jpg Graphic file (type bmp)
<.cache/908107535666536458/image0_9.jpg>
 [3] [4]
File: .cache/908108087406252074/d02.jpg Graphic file (type bmp)
<.cache/908108087406252074/d02.jpg>
File: .cache/908108961956397056/Samurai_Cheems.jpg Graphic file (type bmp)
<.cache/908108961956397056/Samurai_Cheems.jpg>
 [5]
File: .cache/908109004134301716/Chizuru_Smile.jpg Graphic file (type bmp)
<.cache/908109004134301716/Chizuru_Smile.jpg>
 [6]
File: .cache/908109096274776104/Keanu_with_Cheems.png Graphic file (type bmp)
<.cache/908109096274776104/Keanu_with_Cheems.png>
 [7]
File: .cache/908109397018959884/0tfkcjr596651.png Graphic file (type bmp)
<.cache/908109397018959884/0tfkcjr596651.png>
 [8]
File: .cache/908109686232981614/9frmgtycast21.png Graphic file (type bmp)
<.cache/908109686232981614/9frmgtycast21.png>
 [9] [10]
File: .cache/908110517254631454/Andrew_benched.png Graphic file (type bmp)
<.cache/908110517254631454/Andrew_benched.png>
File: .cache/908111429331210270/cringe_baby.jpg Graphic file (type bmp)
<.cache/908111429331210270/cringe_baby.jpg>
 [11]
File: .cache/908111618972479488/chip_and_dip.jpg Graphic file (type bmp)
<.cache/908111618972479488/chip_and_dip.jpg>
 [12]
File: .cache/908112002835165205/8ktbomrj2e441.png Graphic file (type bmp)
<.cache/908112002835165205/8ktbomrj2e441.png>
 [13] [14]
! Missing $ inserted.
<inserted text> 
                $
l.68 \paragraph{@Mast3r_waf1z}
                                plz
I've inserted a begin-math/end-math symbol since I think
you left one out. Proceed, with fingers crossed.

LaTeX Font Info:    Trying to load font information for OT1+lmr on input line 6
8.
(/usr/share/texmf-dist/tex/latex/lm/ot1lmr.fd
File: ot1lmr.fd 2015/05/01 v1.6.1 Font defs for Latin Modern
)
LaTeX Font Info:    Trying to load font information for OML+lmm on input line 6
8.

(/usr/share/texmf-dist/tex/latex/lm/omllmm.fd
File: omllmm.fd 2015/05/01 v1.6.1 Font defs for Latin Modern
)
LaTeX Font Info:    Trying to load font information for OMS+lmsy on input line 
68.

(/usr/share/texmf-dist/tex/latex/lm/omslmsy.fd
File: omslmsy.fd 2015/05/01 v1.6.1 Font defs for Latin Modern
)
LaTeX Font Info:    Trying to load font information for OMX+lmex on input line 
68.

(/usr/share/texmf-dist/tex/latex/lm/omxlmex.fd
File: omxlmex.fd 2015/05/01 v1.6.1 Font defs for Latin Modern
)
LaTeX Font Info:    External font `lmex10' loaded for size
(Font)              <10.95> on input line 68.
LaTeX Font Info:    External font `lmex10' loaded for size
(Font)              <8> on input line 68.
LaTeX Font Info:    External font `lmex10' loaded for size
(Font)              <6> on input line 68.

! Missing $ inserted.
<inserted text> 
                $
l.68 \paragraph{@Mast3r_waf1z}
                                plz
I've inserted a begin-math/end-math symbol since I think
you left one out. Proceed, with fingers crossed.

File: .cache/908112135723319347/Screenshot_20210207-1225222.png Graphic file (t
ype bmp)
<.cache/908112135723319347/Screenshot_20210207-1225222.png>
[15]
File: .cache/908113873419247626/Snapchat-1338736503.jpg Graphic file (type bmp)

<.cache/908113873419247626/Snapchat-1338736503.jpg>
 [16]
Overfull \vbox (148.54024pt too high) has occurred while \output is active []


[17]
File: .cache/908116462328234065/tumblr_pugpdqJkFZ1yq0tfao1_1280.jpg Graphic fil
e (type bmp)
<.cache/908116462328234065/tumblr_pugpdqJkFZ1yq0tfao1_1280.jpg>
 [18]
Overfull \vbox (148.55492pt too high) has occurred while \output is active []


[19]
File: .cache/908117586657562674/download_1.jpeg Graphic file (type bmp)
<.cache/908117586657562674/download_1.jpeg>
File: .cache/908117586657562674/download_2.jpeg Graphic file (type bmp)
<.cache/908117586657562674/download_2.jpeg>
 [20] [21]
File: .cache/908120616517922867/unknown.png Graphic file (type bmp)
<.cache/908120616517922867/unknown.png>
 [22]
! Misplaced alignment tab character &.
l.127 \paragraph{1.}  `&
                        `
I can't figure out why you would want to use a tab mark
here. If you just want an ampersand, the remedy is
simple: Just type `I\&' now. But if some right brace
up above has ended a previous alignment prematurely,
you're probably due for more error messages, and you
might try typing `S' now just to see what is salvageable.

[23]
Overfull \hbox (28.945pt too wide) in paragraph at lines 134--135
[] []\T1/lmr/bx/n/10.95 who[] \T1/lmr/m/n/10.95 would then be able to use the c
overt `-jail <@286076275448348682> 10m` com-mand? :monkaHmm: 
 []

Missing character: There is no ₩ ("20A9) in font ec-lmr10!
! Missing $ inserted.
<inserted text> 
                $
l.151 \paragraph{@Mast3r_waf1z}
                                 add these emotes Skadman
I've inserted a begin-math/end-math symbol since I think
you left one out. Proceed, with fingers crossed.

! Missing $ inserted.
<inserted text> 
                $
l.151 \paragraph{@Mast3r_waf1z}
                                 add these emotes Skadman
I've inserted a begin-math/end-math symbol since I think
you left one out. Proceed, with fingers crossed.

File: .cache/908434996040171530/Inshallah.png Graphic file (type bmp)
<.cache/908434996040171530/Inshallah.png>
File: .cache/908435014495109122/Inshallah2.png Graphic file (type bmp)
<.cache/908435014495109122/Inshallah2.png>
[24] [25]
! Illegal parameter number in definition of \@currentlabelname.
<to be read again> 
                   h
l.165 \paragraph{#halal}
                          Brøthers
You meant to type ## instead of #, right?
Or maybe a } was forgotten somewhere earlier, and things
are all screwed up? I'm going to assume that you meant ##.

! Illegal parameter number in definition of \ttl@savemark.
<to be read again> 
                   h
l.165 \paragraph{#halal}
                          Brøthers
You meant to type ## instead of #, right?
Or maybe a } was forgotten somewhere earlier, and things
are all screwed up? I'm going to assume that you meant ##.

! Illegal parameter number in definition of \ttl@savetitle.
<to be read again> 
                   h
l.165 \paragraph{#halal}
                          Brøthers
You meant to type ## instead of #, right?
Or maybe a } was forgotten somewhere earlier, and things
are all screwed up? I'm going to assume that you meant ##.

! Illegal parameter number in definition of \ttl@savewrite.
<to be read again> 
                   h
l.165 \paragraph{#halal}
                          Brøthers
You meant to type ## instead of #, right?
Or maybe a } was forgotten somewhere earlier, and things
are all screwed up? I'm going to assume that you meant ##.

! You can't use `macro parameter character #' in restricted horizontal mode.
<argument> ##
             halal
l.165 \paragraph{#halal}
                          Brøthers
Sorry, but I'm not programmed to handle this case;
I'll just pretend that you didn't ask for it.
If you're in the wrong mode, you might be able to
return to the right one by typing `I}' or `I$' or `I\par'.

! Illegal parameter number in definition of \reserved@a.
<to be read again> 
                   h
l.165 \paragraph{#halal}
                          Brøthers
You meant to type ## instead of #, right?
Or maybe a } was forgotten somewhere earlier, and things
are all screwed up? I'm going to assume that you meant ##.

[26]
File: .cache/910599350760144906/Andrew_benched.png Graphic file (type bmp)
<.cache/910599350760144906/Andrew_benched.png>
File: .cache/910611368053456917/Nice_Discord_Server.jpeg Graphic file (type bmp
)
<.cache/910611368053456917/Nice_Discord_Server.jpeg>
 [27]
File: .cache/910613443298623539/maxresdefault.png Graphic file (type bmp)
<.cache/910613443298623539/maxresdefault.png>
 [28])) [29] (./master.aux) ) 
Here is how much of TeX's memory you used:
 3244 strings out of 476683
 56884 string characters out of 5809789
 1846018 words of memory out of 5000000
 23408 multiletter control sequences out of 15000+600000
 541080 words of font info for 49 fonts, out of 8000000 for 9000
 1348 hyphenation exceptions out of 8191
 55i,5n,62p,304b,206s stack positions out of 10000i,1000n,20000p,200000b,200000s

Output written on master.pdf (29 pages).
